2024-02-17 19:51:35,057 - log_2.log - INFO - 
2024-02-17 19:51:35.057973 | выполнение hello_world | c аргументами ()|{} | результат : Hello World
2024-02-17 19:51:35,058 - log_2.log - INFO - 
2024-02-17 19:51:35.058973 | выполнение summator | c аргументами (2, 2)|{} | результат : 4
2024-02-17 19:51:35,058 - log_2.log - INFO - 
2024-02-17 19:51:35.058973 | выполнение summator | c аргументами (2, 2)|{} | результат : 4
2024-02-17 19:51:35,059 - log_2.log - INFO - 
2024-02-17 19:51:35.059972 | выполнение div | c аргументами (6, 2)|{} | результат : 3.0
2024-02-17 19:51:35,059 - log_2.log - INFO - 
2024-02-17 19:51:35.059972 | выполнение div | c аргументами (6, 2)|{} | результат : 3.0
2024-02-17 19:51:35,059 - log_2.log - INFO - 
2024-02-17 19:51:35.059972 | выполнение div | c аргументами (6, 2)|{} | результат : 3.0
2024-02-17 19:51:35,060 - log_2.log - INFO - 
2024-02-17 19:51:35.060970 | выполнение summator | c аргументами (4.3,)|{'b': 2.2} | результат : 6.5
2024-02-17 19:51:35,060 - log_2.log - INFO - 
2024-02-17 19:51:35.060970 | выполнение summator | c аргументами (4.3,)|{'b': 2.2} | результат : 6.5
2024-02-17 19:51:35,060 - log_2.log - INFO - 
2024-02-17 19:51:35.060970 | выполнение summator | c аргументами (4.3,)|{'b': 2.2} | результат : 6.5
2024-02-17 19:51:35,060 - log_2.log - INFO - 
2024-02-17 19:51:35.060970 | выполнение summator | c аргументами (4.3,)|{'b': 2.2} | результат : 6.5
