2024-02-17 19:51:35,063 - log_3.log - INFO - 
2024-02-17 19:51:35.063969 | выполнение hello_world | c аргументами ()|{} | результат : Hello World
2024-02-17 19:51:35,064 - log_3.log - INFO - 
2024-02-17 19:51:35.064970 | выполнение summator | c аргументами (2, 2)|{} | результат : 4
2024-02-17 19:51:35,064 - log_3.log - INFO - 
2024-02-17 19:51:35.064970 | выполнение summator | c аргументами (2, 2)|{} | результат : 4
2024-02-17 19:51:35,065 - log_3.log - INFO - 
2024-02-17 19:51:35.065969 | выполнение div | c аргументами (6, 2)|{} | результат : 3.0
2024-02-17 19:51:35,065 - log_3.log - INFO - 
2024-02-17 19:51:35.065969 | выполнение div | c аргументами (6, 2)|{} | результат : 3.0
2024-02-17 19:51:35,065 - log_3.log - INFO - 
2024-02-17 19:51:35.065969 | выполнение div | c аргументами (6, 2)|{} | результат : 3.0
2024-02-17 19:51:35,067 - log_3.log - INFO - 
2024-02-17 19:51:35.067967 | выполнение summator | c аргументами (4.3,)|{'b': 2.2} | результат : 6.5
2024-02-17 19:51:35,067 - log_3.log - INFO - 
2024-02-17 19:51:35.067967 | выполнение summator | c аргументами (4.3,)|{'b': 2.2} | результат : 6.5
2024-02-17 19:51:35,067 - log_3.log - INFO - 
2024-02-17 19:51:35.067967 | выполнение summator | c аргументами (4.3,)|{'b': 2.2} | результат : 6.5
2024-02-17 19:51:35,067 - log_3.log - INFO - 
2024-02-17 19:51:35.067967 | выполнение summator | c аргументами (4.3,)|{'b': 2.2} | результат : 6.5
