2024-02-17 19:51:35,047 - log_1.log - INFO - 
2024-02-17 19:51:35.044980 | выполнение hello_world | c аргументами ()|{} | результат : Hello World
2024-02-17 19:51:35,052 - log_1.log - INFO - 
2024-02-17 19:51:35.052975 | выполнение summator | c аргументами (2, 2)|{} | результат : 4
2024-02-17 19:51:35,052 - log_1.log - INFO - 
2024-02-17 19:51:35.052975 | выполнение summator | c аргументами (2, 2)|{} | результат : 4
2024-02-17 19:51:35,054 - log_1.log - INFO - 
2024-02-17 19:51:35.053974 | выполнение div | c аргументами (6, 2)|{} | результат : 3.0
2024-02-17 19:51:35,054 - log_1.log - INFO - 
2024-02-17 19:51:35.053974 | выполнение div | c аргументами (6, 2)|{} | результат : 3.0
2024-02-17 19:51:35,054 - log_1.log - INFO - 
2024-02-17 19:51:35.053974 | выполнение div | c аргументами (6, 2)|{} | результат : 3.0
2024-02-17 19:51:35,055 - log_1.log - INFO - 
2024-02-17 19:51:35.055974 | выполнение summator | c аргументами (4.3,)|{'b': 2.2} | результат : 6.5
2024-02-17 19:51:35,055 - log_1.log - INFO - 
2024-02-17 19:51:35.055974 | выполнение summator | c аргументами (4.3,)|{'b': 2.2} | результат : 6.5
2024-02-17 19:51:35,055 - log_1.log - INFO - 
2024-02-17 19:51:35.055974 | выполнение summator | c аргументами (4.3,)|{'b': 2.2} | результат : 6.5
2024-02-17 19:51:35,055 - log_1.log - INFO - 
2024-02-17 19:51:35.055974 | выполнение summator | c аргументами (4.3,)|{'b': 2.2} | результат : 6.5
